<?xml version="1.0" encoding="UTF-8"?>
<testng-results skipped="0" failed="0" ignored="0" total="1" passed="1">
  <reporter-output>
  </reporter-output>
  <suite name="Default suite" duration-ms="17879" started-at="2020-07-06T11:27:19 IST" finished-at="2020-07-06T11:27:37 IST">
    <groups>
    </groups>
    <test name="Default test" duration-ms="17879" started-at="2020-07-06T11:27:19 IST" finished-at="2020-07-06T11:27:37 IST">
      <class name="pomTestCases.NaukriTest">
        <test-method status="PASS" signature="initialize()[pri:0, instance:pomTestCases.NaukriTest@48a242ce]" name="initialize" is-config="true" duration-ms="16871" started-at="2020-07-06T11:27:02 IST" finished-at="2020-07-06T11:27:19 IST">
          <reporter-output>
          </reporter-output>
        </test-method> <!-- initialize -->
        <test-method status="PASS" signature="Login()[pri:0, instance:pomTestCases.NaukriTest@48a242ce]" name="Login" duration-ms="17749" started-at="2020-07-06T11:27:19 IST" finished-at="2020-07-06T11:27:37 IST">
          <reporter-output>
          </reporter-output>
        </test-method> <!-- Login -->
      </class> <!-- pomTestCases.NaukriTest -->
    </test> <!-- Default test -->
  </suite> <!-- Default suite -->
</testng-results>
